<?xml version="1.0" encoding="UTF-8"?>
<testng-results ignored="0" total="1" passed="1" failed="0" skipped="0">
  <reporter-output>
  </reporter-output>
  <suite started-at="2025-08-21T18:48:44 IST" name="Default suite" finished-at="2025-08-21T18:48:44 IST" duration-ms="293">
    <groups>
    </groups>
    <test started-at="2025-08-21T18:48:44 IST" name="Default test" finished-at="2025-08-21T18:48:44 IST" duration-ms="293">
      <class name="pojo.demonestedpayload">
        <test-method signature="done()[pri:0, instance:pojo.demonestedpayload@3c0be339]" started-at="2025-08-21T18:48:44 IST" name="done" finished-at="2025-08-21T18:48:44 IST" duration-ms="244" status="PASS">
          <reporter-output>
          </reporter-output>
        </test-method> <!-- done -->
      </class> <!-- pojo.demonestedpayload -->
    </test> <!-- Default test -->
  </suite> <!-- Default suite -->
</testng-results>
